<?xml version="1.0" encoding="UTF-8"?>
<!-- Generated by org.testng.reporters.JUnitXMLReporter -->
<testsuite ignored="3" hostname="LAPTOP-MRF22K2D" failures="0" tests="8" name="Test" time="0.099" errors="0" timestamp="2022-09-28T22:19:26 IST">
  <testcase classname="fbTest.PriorityTest" name="TC04" time="0.017"/>
  <testcase classname="fbTest.PriorityTest" name="TC05" time="0.003"/>
  <testcase classname="fbTest.PriorityTest" name="TC05" time="0.0"/>
  <testcase classname="fbTest.PriorityTest" name="TC05" time="0.001"/>
  <testcase classname="fbTest.PriorityTest" name="TC02" time="0.001"/>
  <testcase classname="fbTest.PriorityTest" name="TC03" time="0.001"/>
  <testcase classname="fbTest.PriorityTest" name="TC07" time="0.001"/>
  <testcase classname="fbTest.PriorityTest" name="TC01" time="0.001"/>
  <testcase classname="fbTest.Annotaion" name="TC02" time="0.0">
    <ignored/>
  </testcase> <!-- TC02 -->
  <testcase classname="fbTest.Annotaion" name="TC01" time="0.0">
    <ignored/>
  </testcase> <!-- TC01 -->
  <testcase classname="fbTest.PriorityTest" name="TC06" time="0.0">
    <ignored/>
  </testcase> <!-- TC06 -->
</testsuite> <!-- Test -->
