<?xml version="1.0" encoding="UTF-8"?>
<testng-results ignored="0" total="2" passed="2" failed="0" skipped="0">
  <reporter-output>
  </reporter-output>
  <suite started-at="2022-10-03T21:57:30 IST" name="Default suite" finished-at="2022-10-03T21:57:31 IST" duration-ms="85">
    <groups>
    </groups>
    <test started-at="2022-10-03T21:57:30 IST" name="Default test" finished-at="2022-10-03T21:57:31 IST" duration-ms="85">
      <class name="Assert.assertClassHardSoft">
        <test-method signature="TC01()[pri:0, instance:Assert.assertClassHardSoft@16ec5519]" started-at="2022-10-03T21:57:31 IST" name="TC01" finished-at="2022-10-03T21:57:31 IST" duration-ms="20" status="PASS">
          <reporter-output>
          </reporter-output>
        </test-method> <!-- TC01 -->
        <test-method signature="TC02()[pri:0, instance:Assert.assertClassHardSoft@16ec5519]" started-at="2022-10-03T21:57:31 IST" name="TC02" finished-at="2022-10-03T21:57:31 IST" duration-ms="5" status="PASS">
          <reporter-output>
          </reporter-output>
        </test-method> <!-- TC02 -->
      </class> <!-- Assert.assertClassHardSoft -->
    </test> <!-- Default test -->
  </suite> <!-- Default suite -->
</testng-results>
